This is pdfTeX, Version 3.14159265-2.6-1.40.17 (TeX Live 2016/Arch Linux) (preloaded format=pdflatex 2016.8.8)  22 MAY 2017 16:08
entering extended mode
 restricted \write18 enabled.
 %&-line parsing enabled.
**\nonstopmode\input report.tex
(./report.tex

LaTeX Warning: File `leer.eps' already exists on the system.
               Not generating it from this source.

(./svjour.cls
Document Class: svjour 2003/04/15 
LaTeX document class for Springer journals - version 1.11
(./svepj.clo
File: svepj.clo 2002/03/11 v1.2 style option for The European Physical Journal

SVJour Class option: svepj.clo for The European Physical Journal
)
LaTeX Font Info:    Redeclaring math symbol \Gamma on input line 99.
LaTeX Font Info:    Redeclaring math symbol \Delta on input line 100.
LaTeX Font Info:    Redeclaring math symbol \Theta on input line 101.
LaTeX Font Info:    Redeclaring math symbol \Lambda on input line 102.
LaTeX Font Info:    Redeclaring math symbol \Xi on input line 103.
LaTeX Font Info:    Redeclaring math symbol \Pi on input line 104.
LaTeX Font Info:    Redeclaring math symbol \Sigma on input line 105.
LaTeX Font Info:    Redeclaring math symbol \Upsilon on input line 106.
LaTeX Font Info:    Redeclaring math symbol \Phi on input line 107.
LaTeX Font Info:    Redeclaring math symbol \Psi on input line 108.
LaTeX Font Info:    Redeclaring math symbol \Omega on input line 109.
\logodepth=\dimen102
\headerboxheight=\dimen103
\betweenumberspace=\dimen104
\aftertext=\dimen105
\headlineindent=\dimen106
\c@inst=\count79
\c@auth=\count80
\instindent=\dimen107
\authrun=\box26
\authorrunning=\toks14
\titrun=\box27
\titlerunning=\toks15
\combirun=\box28
\c@lastpage=\count81
\c@section=\count82
\c@subsection=\count83
\c@subsubsection=\count84
\c@paragraph=\count85
\c@subparagraph=\count86
\spthmsep=\dimen108
\c@theorem=\count87
\c@case=\count88
\c@conjecture=\count89
\c@corollary=\count90
\c@definition=\count91
\c@example=\count92
\c@exercise=\count93
\c@lemma=\count94
\c@note=\count95
\c@problem=\count96
\c@property=\count97
\c@proposition=\count98
\c@question=\count99
\c@solution=\count100
\c@remark=\count101
\c@figure=\count102
\c@table=\count103
\abovecaptionskip=\skip41
\belowcaptionskip=\skip42
\figcapgap=\dimen109
\tabcapgap=\dimen110
\figgap=\dimen111
\bibindent=\dimen112
\@tempcntc=\count104
) (/usr/share/texmf-dist/tex/latex/graphics/graphicx.sty
Package: graphicx 2014/10/28 v1.0g Enhanced LaTeX Graphics (DPC,SPQR)

(/usr/share/texmf-dist/tex/latex/graphics/keyval.sty
Package: keyval 2014/10/28 v1.15 key=value parser (DPC)
\KV@toks@=\toks16
)
(/usr/share/texmf-dist/tex/latex/graphics/graphics.sty
Package: graphics 2016/10/09 v1.0u Standard LaTeX Graphics (DPC,SPQR)

(/usr/share/texmf-dist/tex/latex/graphics/trig.sty
Package: trig 2016/01/03 v1.10 sin cos tan (DPC)
)
(/usr/share/texmf-dist/tex/latex/graphics-cfg/graphics.cfg
File: graphics.cfg 2016/06/04 v1.11 sample graphics configuration
)
Package graphics Info: Driver file: pdftex.def on input line 99.

(/usr/share/texmf-dist/tex/latex/graphics-def/pdftex.def
File: pdftex.def 2017/01/12 v0.06k Graphics/color for pdfTeX

(/usr/share/texmf-dist/tex/generic/oberdiek/infwarerr.sty
Package: infwarerr 2016/05/16 v1.4 Providing info/warning/error messages (HO)
)
(/usr/share/texmf-dist/tex/generic/oberdiek/ltxcmds.sty
Package: ltxcmds 2016/05/16 v1.23 LaTeX kernel commands for general use (HO)
)
\Gread@gobject=\count105
))
\Gin@req@height=\dimen113
\Gin@req@width=\dimen114
)
(/usr/share/texmf-dist/tex/latex/oberdiek/epstopdf.sty
Package: epstopdf 2016/05/15 v2.6 Conversion with epstopdf on the fly (HO)

(/usr/share/texmf-dist/tex/latex/oberdiek/epstopdf-base.sty
Package: epstopdf-base 2016/05/15 v2.6 Base part for package epstopdf

(/usr/share/texmf-dist/tex/latex/oberdiek/grfext.sty
Package: grfext 2016/05/16 v1.2 Manage graphics extensions (HO)

(/usr/share/texmf-dist/tex/generic/oberdiek/kvdefinekeys.sty
Package: kvdefinekeys 2016/05/16 v1.4 Define keys (HO)
))
(/usr/share/texmf-dist/tex/latex/oberdiek/kvoptions.sty
Package: kvoptions 2016/05/16 v3.12 Key value format for package options (HO)

(/usr/share/texmf-dist/tex/generic/oberdiek/kvsetkeys.sty
Package: kvsetkeys 2016/05/16 v1.17 Key value parser (HO)

(/usr/share/texmf-dist/tex/generic/oberdiek/etexcmds.sty
Package: etexcmds 2016/05/16 v1.6 Avoid name clashes with e-TeX commands (HO)

(/usr/share/texmf-dist/tex/generic/oberdiek/ifluatex.sty
Package: ifluatex 2016/05/16 v1.4 Provides the ifluatex switch (HO)
Package ifluatex Info: LuaTeX not detected.
)
Package etexcmds Info: Could not find \expanded.
(etexcmds)             That can mean that you are not using pdfTeX 1.50 or
(etexcmds)             that some package has redefined \expanded.
(etexcmds)             In the latter case, load this package earlier.
)))
(/usr/share/texmf-dist/tex/generic/oberdiek/pdftexcmds.sty
Package: pdftexcmds 2017/03/19 v0.25 Utility functions of pdfTeX for LuaTeX (HO
)

(/usr/share/texmf-dist/tex/generic/oberdiek/ifpdf.sty
Package: ifpdf 2017/03/15 v3.2 Provides the ifpdf switch
)
Package pdftexcmds Info: LuaTeX not detected.
Package pdftexcmds Info: \pdf@primitive is available.
Package pdftexcmds Info: \pdf@ifprimitive is available.
Package pdftexcmds Info: \pdfdraftmode found.
)
Package epstopdf-base Info: Redefining graphics rule for `.eps' on input line 4
38.
Package grfext Info: Graphics extension search list:
(grfext)             [.png,.pdf,.jpg,.mps,.jpeg,.jbig2,.jb2,.PNG,.PDF,.JPG,.JPE
G,.JBIG2,.JB2,.eps]
(grfext)             \AppendGraphicsExtensions on input line 456.

(/usr/share/texmf-dist/tex/latex/latexconfig/epstopdf-sys.cfg
File: epstopdf-sys.cfg 2010/07/13 v1.3 Configuration of (r)epstopdf for TeX Liv
e
))) (./report.aux)
\openout1 = `report.aux'.

LaTeX Font Info:    Checking defaults for OML/cmm/m/it on input line 31.
LaTeX Font Info:    ... okay on input line 31.
LaTeX Font Info:    Checking defaults for T1/cmr/m/n on input line 31.
LaTeX Font Info:    ... okay on input line 31.
LaTeX Font Info:    Checking defaults for OT1/cmr/m/n on input line 31.
LaTeX Font Info:    ... okay on input line 31.
LaTeX Font Info:    Checking defaults for OMS/cmsy/m/n on input line 31.
LaTeX Font Info:    ... okay on input line 31.
LaTeX Font Info:    Checking defaults for OMX/cmex/m/n on input line 31.
LaTeX Font Info:    ... okay on input line 31.
LaTeX Font Info:    Checking defaults for U/cmr/m/n on input line 31.
LaTeX Font Info:    ... okay on input line 31.
(/usr/share/texmf-dist/tex/context/base/mkii/supp-pdf.mkii
[Loading MPS to PDF converter (version 2006.09.02).]
\scratchcounter=\count106
\scratchdimen=\dimen115
\scratchbox=\box29
\nofMPsegments=\count107
\nofMParguments=\count108
\everyMPshowfont=\toks17
\MPscratchCnt=\count109
\MPscratchDim=\dimen116
\MPnumerator=\count110
\makeMPintoPDFobject=\count111
\everyMPtoPDFconversion=\toks18
)
SVJour warning: Missing \date
LaTeX Font Info:    External font `cmex10' loaded for size
(Font)              <7> on input line 58.
LaTeX Font Info:    External font `cmex10' loaded for size
(Font)              <5> on input line 58.
LaTeX Font Info:    External font `cmex10' loaded for size
(Font)              <9> on input line 58.
LaTeX Font Info:    External font `cmex10' loaded for size
(Font)              <6> on input line 58.

Overfull \hbox (1.30217pt too wide) in paragraph at lines 63--69
\OT1/cmr/m/n/10 ing rapidly. Ad-vances in data ac-qui-si-tion, stor-age and ana
l-
 []


Overfull \hbox (2.49648pt too wide) in paragraph at lines 85--88
[]\OT1/cmr/m/n/10 In this ar-ti-cle, we an-a-lyze the sub-sys-tems in a metabol
ic
 []


Overfull \hbox (15.46877pt too wide) in paragraph at lines 127--132
\OT1/cmr/m/n/10 These prob-a-bly rep-re-sent sources and sinks of the metabolis
m. 
 []

<../plots/degree.pdf, id=1, 433.62pt x 289.08pt>
File: ../plots/degree.pdf Graphic file (type pdf)
 <use ../plots/degree.pdf>
Package pdftex.def Info: ../plots/degree.pdf used on input line 139.
(pdftex.def)             Requested size: 230.39844pt x 153.59982pt.
Package epstopdf Info: Source file: <M1-prc.eps>
(epstopdf)                    date: 2017-05-22 14:11:30
(epstopdf)                    size: 5523 bytes
(epstopdf)             Output file: <M1-prc-eps-converted-to.pdf>
(epstopdf)                    date: 2017-05-22 14:13:32
(epstopdf)                    size: 3864 bytes
(epstopdf)             Command: <repstopdf --outfile=M1-prc-eps-converted-to.pd
f M1-prc.eps>
(epstopdf)             \includegraphics on input line 146.
Package epstopdf Info: Output file is already uptodate.

<M1-prc-eps-converted-to.pdf, id=2, 64.24pt x 208.78pt>
File: M1-prc-eps-converted-to.pdf Graphic file (type pdf)

<use M1-prc-eps-converted-to.pdf>
Package pdftex.def Info: M1-prc-eps-converted-to.pdf used on input line 146.
(pdftex.def)             Requested size: 15.35938pt x 49.91707pt.
Package epstopdf Info: Source file: <M2-prc.eps>
(epstopdf)                    date: 2017-05-22 14:11:30
(epstopdf)                    size: 5925 bytes
(epstopdf)             Output file: <M2-prc-eps-converted-to.pdf>
(epstopdf)                    date: 2017-05-22 14:13:33
(epstopdf)                    size: 3984 bytes
(epstopdf)             Command: <repstopdf --outfile=M2-prc-eps-converted-to.pd
f M2-prc.eps>
(epstopdf)             \includegraphics on input line 147.
Package epstopdf Info: Output file is already uptodate.

<M2-prc-eps-converted-to.pdf, id=3, 78.2925pt x 208.78pt>
File: M2-prc-eps-converted-to.pdf Graphic file (type pdf)

<use M2-prc-eps-converted-to.pdf>
Package pdftex.def Info: M2-prc-eps-converted-to.pdf used on input line 147.
(pdftex.def)             Requested size: 15.35938pt x 40.95563pt.
Package epstopdf Info: Source file: <M3-prc.eps>
(epstopdf)                    date: 2017-05-22 14:11:30
(epstopdf)                    size: 6311 bytes
(epstopdf)             Output file: <M3-prc-eps-converted-to.pdf>
(epstopdf)                    date: 2017-05-22 14:13:33
(epstopdf)                    size: 4121 bytes
(epstopdf)             Command: <repstopdf --outfile=M3-prc-eps-converted-to.pd
f M3-prc.eps>
(epstopdf)             \includegraphics on input line 148.
Package epstopdf Info: Output file is already uptodate.

<M3-prc-eps-converted-to.pdf, id=4, 78.2925pt x 208.78pt>
File: M3-prc-eps-converted-to.pdf Graphic file (type pdf)

<use M3-prc-eps-converted-to.pdf>
Package pdftex.def Info: M3-prc-eps-converted-to.pdf used on input line 148.
(pdftex.def)             Requested size: 15.35938pt x 40.95563pt.
Package epstopdf Info: Source file: <M4-prc.eps>
(epstopdf)                    date: 2017-05-22 14:11:30
(epstopdf)                    size: 6699 bytes
(epstopdf)             Output file: <M4-prc-eps-converted-to.pdf>
(epstopdf)                    date: 2017-05-22 14:13:34
(epstopdf)                    size: 4084 bytes
(epstopdf)             Command: <repstopdf --outfile=M4-prc-eps-converted-to.pd
f M4-prc.eps>
(epstopdf)             \includegraphics on input line 149.
Package epstopdf Info: Output file is already uptodate.

<M4-prc-eps-converted-to.pdf, id=5, 64.24pt x 208.78pt>
File: M4-prc-eps-converted-to.pdf Graphic file (type pdf)

<use M4-prc-eps-converted-to.pdf>
Package pdftex.def Info: M4-prc-eps-converted-to.pdf used on input line 149.
(pdftex.def)             Requested size: 15.35938pt x 49.91707pt.
Package epstopdf Info: Source file: <M5-prc.eps>
(epstopdf)                    date: 2017-05-22 14:16:28
(epstopdf)                    size: 5516 bytes
(epstopdf)             Output file: <M5-prc-eps-converted-to.pdf>
(epstopdf)                    date: 2017-05-22 14:16:44
(epstopdf)                    size: 3932 bytes
(epstopdf)             Command: <repstopdf --outfile=M5-prc-eps-converted-to.pd
f M5-prc.eps>
(epstopdf)             \includegraphics on input line 150.
Package epstopdf Info: Output file is already uptodate.

<M5-prc-eps-converted-to.pdf, id=6, 64.24pt x 208.78pt>
File: M5-prc-eps-converted-to.pdf Graphic file (type pdf)

<use M5-prc-eps-converted-to.pdf>
Package pdftex.def Info: M5-prc-eps-converted-to.pdf used on input line 150.
(pdftex.def)             Requested size: 15.35938pt x 49.91707pt.
Package epstopdf Info: Source file: <M6-prc.eps>
(epstopdf)                    date: 2017-05-22 14:11:30
(epstopdf)                    size: 5913 bytes
(epstopdf)             Output file: <M6-prc-eps-converted-to.pdf>
(epstopdf)                    date: 2017-05-22 14:13:34
(epstopdf)                    size: 4011 bytes
(epstopdf)             Command: <repstopdf --outfile=M6-prc-eps-converted-to.pd
f M6-prc.eps>
(epstopdf)             \includegraphics on input line 151.
Package epstopdf Info: Output file is already uptodate.

<M6-prc-eps-converted-to.pdf, id=7, 64.24pt x 208.78pt>
File: M6-prc-eps-converted-to.pdf Graphic file (type pdf)

<use M6-prc-eps-converted-to.pdf>
Package pdftex.def Info: M6-prc-eps-converted-to.pdf used on input line 151.
(pdftex.def)             Requested size: 15.35938pt x 49.91707pt.
Package epstopdf Info: Source file: <M7-prc.eps>
(epstopdf)                    date: 2017-05-22 14:11:30
(epstopdf)                    size: 5915 bytes
(epstopdf)             Output file: <M7-prc-eps-converted-to.pdf>
(epstopdf)                    date: 2017-05-22 14:13:35
(epstopdf)                    size: 3926 bytes
(epstopdf)             Command: <repstopdf --outfile=M7-prc-eps-converted-to.pd
f M7-prc.eps>
(epstopdf)             \includegraphics on input line 152.
Package epstopdf Info: Output file is already uptodate.

<M7-prc-eps-converted-to.pdf, id=8, 64.24pt x 208.78pt>
File: M7-prc-eps-converted-to.pdf Graphic file (type pdf)

<use M7-prc-eps-converted-to.pdf>
Package pdftex.def Info: M7-prc-eps-converted-to.pdf used on input line 152.
(pdftex.def)             Requested size: 15.35938pt x 49.91707pt.
Package epstopdf Info: Source file: <M8-prc.eps>
(epstopdf)                    date: 2017-05-22 14:11:30
(epstopdf)                    size: 5137 bytes
(epstopdf)             Output file: <M8-prc-eps-converted-to.pdf>
(epstopdf)                    date: 2017-05-22 14:13:35
(epstopdf)                    size: 3857 bytes
(epstopdf)             Command: <repstopdf --outfile=M8-prc-eps-converted-to.pd
f M8-prc.eps>
(epstopdf)             \includegraphics on input line 153.
Package epstopdf Info: Output file is already uptodate.

<M8-prc-eps-converted-to.pdf, id=9, 70.2625pt x 150.5625pt>
File: M8-prc-eps-converted-to.pdf Graphic file (type pdf)

<use M8-prc-eps-converted-to.pdf>
Package pdftex.def Info: M8-prc-eps-converted-to.pdf used on input line 153.
(pdftex.def)             Requested size: 15.35938pt x 32.91248pt.
Package epstopdf Info: Source file: <M9-prc.eps>
(epstopdf)                    date: 2017-05-22 14:11:30
(epstopdf)                    size: 5082 bytes
(epstopdf)             Output file: <M9-prc-eps-converted-to.pdf>
(epstopdf)                    date: 2017-05-22 14:13:35
(epstopdf)                    size: 3798 bytes
(epstopdf)             Command: <repstopdf --outfile=M9-prc-eps-converted-to.pd
f M9-prc.eps>
(epstopdf)             \includegraphics on input line 154.
Package epstopdf Info: Output file is already uptodate.

<M9-prc-eps-converted-to.pdf, id=10, 64.24pt x 208.78pt>
File: M9-prc-eps-converted-to.pdf Graphic file (type pdf)

<use M9-prc-eps-converted-to.pdf>
Package pdftex.def Info: M9-prc-eps-converted-to.pdf used on input line 154.
(pdftex.def)             Requested size: 15.35938pt x 49.91707pt.
Package epstopdf Info: Source file: <M10-prc.eps>
(epstopdf)                    date: 2017-05-22 14:11:30
(epstopdf)                    size: 5144 bytes
(epstopdf)             Output file: <M10-prc-eps-converted-to.pdf>
(epstopdf)                    date: 2017-05-22 14:13:36
(epstopdf)                    size: 3924 bytes
(epstopdf)             Command: <repstopdf --outfile=M10-prc-eps-converted-to.p
df M10-prc.eps>
(epstopdf)             \includegraphics on input line 155.
Package epstopdf Info: Output file is already uptodate.

<M10-prc-eps-converted-to.pdf, id=11, 79.29625pt x 150.5625pt>
File: M10-prc-eps-converted-to.pdf Graphic file (type pdf)

<use M10-prc-eps-converted-to.pdf>
Package pdftex.def Info: M10-prc-eps-converted-to.pdf used on input line 155.
(pdftex.def)             Requested size: 15.35938pt x 29.16313pt.
Package epstopdf Info: Source file: <M11-prc.eps>
(epstopdf)                    date: 2017-05-22 14:11:30
(epstopdf)                    size: 5519 bytes
(epstopdf)             Output file: <M11-prc-eps-converted-to.pdf>
(epstopdf)                    date: 2017-05-22 14:13:36
(epstopdf)                    size: 3870 bytes
(epstopdf)             Command: <repstopdf --outfile=M11-prc-eps-converted-to.p
df M11-prc.eps>
(epstopdf)             \includegraphics on input line 156.
Package epstopdf Info: Output file is already uptodate.

<M11-prc-eps-converted-to.pdf, id=12, 79.29625pt x 150.5625pt>
File: M11-prc-eps-converted-to.pdf Graphic file (type pdf)

<use M11-prc-eps-converted-to.pdf>
Package pdftex.def Info: M11-prc-eps-converted-to.pdf used on input line 156.
(pdftex.def)             Requested size: 15.35938pt x 29.16313pt.
Package epstopdf Info: Source file: <M12-prc.eps>
(epstopdf)                    date: 2017-05-22 14:11:30
(epstopdf)                    size: 5514 bytes
(epstopdf)             Output file: <M12-prc-eps-converted-to.pdf>
(epstopdf)                    date: 2017-05-22 14:13:37
(epstopdf)                    size: 3963 bytes
(epstopdf)             Command: <repstopdf --outfile=M12-prc-eps-converted-to.p
df M12-prc.eps>
(epstopdf)             \includegraphics on input line 157.
Package epstopdf Info: Output file is already uptodate.

<M12-prc-eps-converted-to.pdf, id=13, 79.29625pt x 208.78pt>
File: M12-prc-eps-converted-to.pdf Graphic file (type pdf)

<use M12-prc-eps-converted-to.pdf>
Package pdftex.def Info: M12-prc-eps-converted-to.pdf used on input line 157.
(pdftex.def)             Requested size: 15.35938pt x 40.43954pt.
Package epstopdf Info: Source file: <M13-prc.eps>
(epstopdf)                    date: 2017-05-22 14:11:30
(epstopdf)                    size: 5926 bytes
(epstopdf)             Output file: <M13-prc-eps-converted-to.pdf>
(epstopdf)                    date: 2017-05-22 14:13:37
(epstopdf)                    size: 4107 bytes
(epstopdf)             Command: <repstopdf --outfile=M13-prc-eps-converted-to.p
df M13-prc.eps>
(epstopdf)             \includegraphics on input line 158.
Package epstopdf Info: Output file is already uptodate.

<M13-prc-eps-converted-to.pdf, id=14, 79.29625pt x 150.5625pt>
File: M13-prc-eps-converted-to.pdf Graphic file (type pdf)

<use M13-prc-eps-converted-to.pdf>
Package pdftex.def Info: M13-prc-eps-converted-to.pdf used on input line 158.
(pdftex.def)             Requested size: 15.35938pt x 29.16313pt.
Package epstopdf Info: Source file: <M1-plain.eps>
(epstopdf)                    date: 2017-05-22 16:06:24
(epstopdf)                    size: 5413 bytes
(epstopdf)             Output file: <M1-plain-eps-converted-to.pdf>
(epstopdf)                    date: 2017-05-22 16:08:00
(epstopdf)                    size: 2780 bytes
(epstopdf)             Command: <repstopdf --outfile=M1-plain-eps-converted-to.
pdf M1-plain.eps>
(epstopdf)             \includegraphics on input line 167.
Package epstopdf Info: Output file is already uptodate.

<M1-plain-eps-converted-to.pdf, id=15, 49.18375pt x 146.5475pt>
File: M1-plain-eps-converted-to.pdf Graphic file (type pdf)

<use M1-plain-eps-converted-to.pdf>
Package pdftex.def Info: M1-plain-eps-converted-to.pdf used on input line 167.
(pdftex.def)             Requested size: 6.7656pt x 20.15918pt.
Package epstopdf Info: Source file: <M2-plain.eps>
(epstopdf)                    date: 2017-05-22 16:06:24
(epstopdf)                    size: 5832 bytes
(epstopdf)             Output file: <M2-plain-eps-converted-to.pdf>
(epstopdf)                    date: 2017-05-22 16:08:01
(epstopdf)                    size: 2871 bytes
(epstopdf)             Command: <repstopdf --outfile=M2-plain-eps-converted-to.
pdf M2-plain.eps>
(epstopdf)             \includegraphics on input line 168.
Package epstopdf Info: Output file is already uptodate.

<M2-plain-eps-converted-to.pdf, id=16, 78.2925pt x 146.5475pt>
File: M2-plain-eps-converted-to.pdf Graphic file (type pdf)

<use M2-plain-eps-converted-to.pdf>
Package pdftex.def Info: M2-plain-eps-converted-to.pdf used on input line 168.
(pdftex.def)             Requested size: 10.76973pt x 20.15918pt.
Package epstopdf Info: Source file: <M3-plain.eps>
(epstopdf)                    date: 2017-05-22 16:06:24
(epstopdf)                    size: 6215 bytes
(epstopdf)             Output file: <M3-plain-eps-converted-to.pdf>
(epstopdf)                    date: 2017-05-22 16:08:01
(epstopdf)                    size: 2945 bytes
(epstopdf)             Command: <repstopdf --outfile=M3-plain-eps-converted-to.
pdf M3-plain.eps>
(epstopdf)             \includegraphics on input line 169.
Package epstopdf Info: Output file is already uptodate.

<M3-plain-eps-converted-to.pdf, id=17, 78.2925pt x 146.5475pt>
File: M3-plain-eps-converted-to.pdf Graphic file (type pdf)

<use M3-plain-eps-converted-to.pdf>
Package pdftex.def Info: M3-plain-eps-converted-to.pdf used on input line 169.
(pdftex.def)             Requested size: 10.76973pt x 20.15918pt.
Package epstopdf Info: Source file: <M4-plain.eps>
(epstopdf)                    date: 2017-05-22 16:06:24
(epstopdf)                    size: 6593 bytes
(epstopdf)             Output file: <M4-plain-eps-converted-to.pdf>
(epstopdf)                    date: 2017-05-22 16:08:01
(epstopdf)                    size: 3002 bytes
(epstopdf)             Command: <repstopdf --outfile=M4-plain-eps-converted-to.
pdf M4-plain.eps>
(epstopdf)             \includegraphics on input line 170.
Package epstopdf Info: Output file is already uptodate.

<M4-plain-eps-converted-to.pdf, id=18, 54.2025pt x 146.5475pt>
File: M4-plain-eps-converted-to.pdf Graphic file (type pdf)

<use M4-plain-eps-converted-to.pdf>
Package pdftex.def Info: M4-plain-eps-converted-to.pdf used on input line 170.
(pdftex.def)             Requested size: 7.45596pt x 20.15918pt.
Package epstopdf Info: Source file: <M5-plain.eps>
(epstopdf)                    date: 2017-05-22 16:06:24
(epstopdf)                    size: 5406 bytes
(epstopdf)             Output file: <M5-plain-eps-converted-to.pdf>
(epstopdf)                    date: 2017-05-22 16:08:02
(epstopdf)                    size: 2782 bytes
(epstopdf)             Command: <repstopdf --outfile=M5-plain-eps-converted-to.
pdf M5-plain.eps>
(epstopdf)             \includegraphics on input line 171.
Package epstopdf Info: Output file is already uptodate.

<M5-plain-eps-converted-to.pdf, id=19, 49.18375pt x 146.5475pt>
File: M5-plain-eps-converted-to.pdf Graphic file (type pdf)

<use M5-plain-eps-converted-to.pdf>
Package pdftex.def Info: M5-plain-eps-converted-to.pdf used on input line 171.
(pdftex.def)             Requested size: 6.7656pt x 20.15918pt.
Package epstopdf Info: Source file: <M6-plain.eps>
(epstopdf)                    date: 2017-05-22 16:06:24
(epstopdf)                    size: 5799 bytes
(epstopdf)             Output file: <M6-plain-eps-converted-to.pdf>
(epstopdf)                    date: 2017-05-22 16:08:02
(epstopdf)                    size: 2875 bytes
(epstopdf)             Command: <repstopdf --outfile=M6-plain-eps-converted-to.
pdf M6-plain.eps>
(epstopdf)             \includegraphics on input line 172.
Package epstopdf Info: Output file is already uptodate.

<M6-plain-eps-converted-to.pdf, id=20, 49.18375pt x 146.5475pt>
File: M6-plain-eps-converted-to.pdf Graphic file (type pdf)

<use M6-plain-eps-converted-to.pdf>
Package pdftex.def Info: M6-plain-eps-converted-to.pdf used on input line 172.
(pdftex.def)             Requested size: 6.7656pt x 20.15918pt.
Package epstopdf Info: Source file: <M7-plain.eps>
(epstopdf)                    date: 2017-05-22 16:06:24
(epstopdf)                    size: 5806 bytes
(epstopdf)             Output file: <M7-plain-eps-converted-to.pdf>
(epstopdf)                    date: 2017-05-22 16:08:03
(epstopdf)                    size: 2870 bytes
(epstopdf)             Command: <repstopdf --outfile=M7-plain-eps-converted-to.
pdf M7-plain.eps>
(epstopdf)             \includegraphics on input line 173.
Package epstopdf Info: Output file is already uptodate.

<M7-plain-eps-converted-to.pdf, id=21, 49.18375pt x 146.5475pt>
File: M7-plain-eps-converted-to.pdf Graphic file (type pdf)

<use M7-plain-eps-converted-to.pdf>
Package pdftex.def Info: M7-plain-eps-converted-to.pdf used on input line 173.
(pdftex.def)             Requested size: 6.7656pt x 20.15918pt.
Package epstopdf Info: Source file: <M8-plain.eps>
(epstopdf)                    date: 2017-05-22 16:06:24
(epstopdf)                    size: 5052 bytes
(epstopdf)             Output file: <M8-plain-eps-converted-to.pdf>
(epstopdf)                    date: 2017-05-22 16:08:03
(epstopdf)                    size: 2710 bytes
(epstopdf)             Command: <repstopdf --outfile=M8-plain-eps-converted-to.
pdf M8-plain.eps>
(epstopdf)             \includegraphics on input line 174.
Package epstopdf Info: Output file is already uptodate.

<M8-plain-eps-converted-to.pdf, id=22, 70.2625pt x 88.33pt>
File: M8-plain-eps-converted-to.pdf Graphic file (type pdf)

<use M8-plain-eps-converted-to.pdf>
Package pdftex.def Info: M8-plain-eps-converted-to.pdf used on input line 174.
(pdftex.def)             Requested size: 16.03566pt x 20.15918pt.
Package epstopdf Info: Source file: <M9-plain.eps>
(epstopdf)                    date: 2017-05-22 16:06:24
(epstopdf)                    size: 4988 bytes
(epstopdf)             Output file: <M9-plain-eps-converted-to.pdf>
(epstopdf)                    date: 2017-05-22 16:08:04
(epstopdf)                    size: 2674 bytes
(epstopdf)             Command: <repstopdf --outfile=M9-plain-eps-converted-to.
pdf M9-plain.eps>
(epstopdf)             \includegraphics on input line 175.
Package epstopdf Info: Output file is already uptodate.

<M9-plain-eps-converted-to.pdf, id=23, 30.1125pt x 146.5475pt>
File: M9-plain-eps-converted-to.pdf Graphic file (type pdf)

<use M9-plain-eps-converted-to.pdf>
Package pdftex.def Info: M9-plain-eps-converted-to.pdf used on input line 175.
(pdftex.def)             Requested size: 4.1422pt x 20.15918pt.
Package epstopdf Info: Source file: <M10-plain.eps>
(epstopdf)                    date: 2017-05-22 16:06:24
(epstopdf)                    size: 5052 bytes
(epstopdf)             Output file: <M10-plain-eps-converted-to.pdf>
(epstopdf)                    date: 2017-05-22 16:08:04
(epstopdf)                    size: 2714 bytes
(epstopdf)             Command: <repstopdf --outfile=M10-plain-eps-converted-to
.pdf M10-plain.eps>
(epstopdf)             \includegraphics on input line 176.
Package epstopdf Info: Output file is already uptodate.

<M10-plain-eps-converted-to.pdf, id=24, 70.2625pt x 88.33pt>
File: M10-plain-eps-converted-to.pdf Graphic file (type pdf)

<use M10-plain-eps-converted-to.pdf>
Package pdftex.def Info: M10-plain-eps-converted-to.pdf used on input line 176.

(pdftex.def)             Requested size: 16.03566pt x 20.15918pt.
Package epstopdf Info: Source file: <M11-plain.eps>
(epstopdf)                    date: 2017-05-22 16:06:24
(epstopdf)                    size: 5415 bytes
(epstopdf)             Output file: <M11-plain-eps-converted-to.pdf>
(epstopdf)                    date: 2017-05-22 16:08:05
(epstopdf)                    size: 2788 bytes
(epstopdf)             Command: <repstopdf --outfile=M11-plain-eps-converted-to
.pdf M11-plain.eps>
(epstopdf)             \includegraphics on input line 177.
Package epstopdf Info: Output file is already uptodate.

<M11-plain-eps-converted-to.pdf, id=25, 70.2625pt x 88.33pt>
File: M11-plain-eps-converted-to.pdf Graphic file (type pdf)

<use M11-plain-eps-converted-to.pdf>
Package pdftex.def Info: M11-plain-eps-converted-to.pdf used on input line 177.

(pdftex.def)             Requested size: 16.03566pt x 20.15918pt.
Package epstopdf Info: Source file: <M12-plain.eps>
(epstopdf)                    date: 2017-05-22 16:06:24
(epstopdf)                    size: 5385 bytes
(epstopdf)             Output file: <M12-plain-eps-converted-to.pdf>
(epstopdf)                    date: 2017-05-22 16:08:05
(epstopdf)                    size: 2773 bytes
(epstopdf)             Command: <repstopdf --outfile=M12-plain-eps-converted-to
.pdf M12-plain.eps>
(epstopdf)             \includegraphics on input line 178.
Package epstopdf Info: Output file is already uptodate.

<M12-plain-eps-converted-to.pdf, id=26, 30.1125pt x 146.5475pt>
File: M12-plain-eps-converted-to.pdf Graphic file (type pdf)

<use M12-plain-eps-converted-to.pdf>
Package pdftex.def Info: M12-plain-eps-converted-to.pdf used on input line 178.

(pdftex.def)             Requested size: 4.1422pt x 20.15918pt.
Package epstopdf Info: Source file: <M13-plain.eps>
(epstopdf)                    date: 2017-05-22 16:06:25
(epstopdf)                    size: 5816 bytes
(epstopdf)             Output file: <M13-plain-eps-converted-to.pdf>
(epstopdf)                    date: 2017-05-22 16:08:06
(epstopdf)                    size: 2858 bytes
(epstopdf)             Command: <repstopdf --outfile=M13-plain-eps-converted-to
.pdf M13-plain.eps>
(epstopdf)             \includegraphics on input line 179.
Package epstopdf Info: Output file is already uptodate.

<M13-plain-eps-converted-to.pdf, id=27, 70.2625pt x 88.33pt>
File: M13-plain-eps-converted-to.pdf Graphic file (type pdf)

<use M13-plain-eps-converted-to.pdf>
Package pdftex.def Info: M13-plain-eps-converted-to.pdf used on input line 179.

(pdftex.def)             Requested size: 16.03566pt x 20.15918pt.

Overfull \hbox (14.94923pt too wide) in paragraph at lines 164--188
[][] 
 []

(./report.bbl [1{/var/lib/texmf/fonts/map/pdftex/updmap/pdftex.map}


]
Missing character: There is no Ã in font cmr9!
Missing character: There is no ¤ in font cmr9!

Underfull \hbox (badness 1320) in paragraph at lines 38--43
\OT1/cmr/m/n/9 Bern-hard O. Pals-son, and Nathan E. Lewis.  Bigg
 []

) [2 <./M1-plain-eps-converted-to.pdf> <./M2-plain-eps-converted-to.pdf> <./M3-
plain-eps-converted-to.pdf> <./M4-plain-eps-converted-to.pdf> <./M5-plain-eps-c
onverted-to.pdf> <./M6-plain-eps-converted-to.pdf> <./M7-plain-eps-converted-to
.pdf> <./M8-plain-eps-converted-to.pdf> <./M9-plain-eps-converted-to.pdf> <./M1
0-plain-eps-converted-to.pdf> <./M11-plain-eps-converted-to.pdf> <./M12-plain-e
ps-converted-to.pdf> <./M13-plain-eps-converted-to.pdf> <../plots/degree.pdf> <
./M1-prc-eps-converted-to.pdf> <./M2-prc-eps-converted-to.pdf> <./M3-prc-eps-co
nverted-to.pdf> <./M4-prc-eps-converted-to.pdf> <./M5-prc-eps-converted-to.pdf>
 <./M6-prc-eps-converted-to.pdf> <./M7-prc-eps-converted-to.pdf> <./M8-prc-eps-
converted-to.pdf> <./M9-prc-eps-converted-to.pdf> <./M10-prc-eps-converted-to.p
df> <./M11-prc-eps-converted-to.pdf> <./M12-prc-eps-converted-to.pdf> <./M13-pr
c-eps-converted-to.pdf>] (./report.aux) ) 
Here is how much of TeX's memory you used:
 1936 strings out of 493049
 27814 string characters out of 6140511
 95338 words of memory out of 5000000
 5420 multiletter control sequences out of 15000+600000
 8989 words of font info for 32 fonts, out of 8000000 for 9000
 1141 hyphenation exceptions out of 8191
 42i,11n,28p,335b,313s stack positions out of 5000i,500n,10000p,200000b,80000s
</usr/share/texmf-dist/fonts/type1/pub
lic/amsfonts/cm/cmbx10.pfb></usr/share/texmf-dist/fonts/type1/public/amsfonts/c
m/cmbx9.pfb></usr/share/texmf-dist/fonts/type1/public/amsfonts/cm/cmmi9.pfb></u
sr/share/texmf-dist/fonts/type1/public/amsfonts/cm/cmr10.pfb></usr/share/texmf-
dist/fonts/type1/public/amsfonts/cm/cmr6.pfb></usr/share/texmf-dist/fonts/type1
/public/amsfonts/cm/cmr7.pfb></usr/share/texmf-dist/fonts/type1/public/amsfonts
/cm/cmr9.pfb></usr/share/texmf-dist/fonts/type1/public/amsfonts/cm/cmssbx10.pfb
></usr/share/texmf-dist/fonts/type1/public/amsfonts/cm/cmti9.pfb></usr/share/te
xmf-dist/fonts/type1/public/amsfonts/cm/cmtt9.pfb>
Output written on report.pdf (2 pages, 177039 bytes).
PDF statistics:
 195 PDF objects out of 1000 (max. 8388607)
 120 compressed objects within 2 object streams
 0 named destinations out of 1000 (max. 500000)
 136 words of extra memory for PDF output out of 10000 (max. 10000000)

